MyRLGarage/app/build/intermediates/manifest_merge_blame_file/debug/manifest-merger-blame-debug-report.txt
1<?xml version="1.0" encoding="utf-8"?>
2<manifest xmlns:android="http://schemas.android.com/apk/res/android"
3    package="com.example.myrlgarage"
4    android:versionCode="1"
5    android:versionName="1.0" >
6
7    <uses-sdk
8        android:minSdkVersion="33"
8-->src\main\AndroidManifest.xml
9        android:targetSdkVersion="33" />
9-->src\main\AndroidManifest.xml
10
11    <uses-permission android:name="android.permission.INTERNET" />
11-->[com.firebaseui:firebase-ui-firestore:8.0.2] AndroidManifest.xml:9:5-67
11-->[com.firebaseui:firebase-ui-firestore:8.0.2] AndroidManifest.xml:9:22-64
12    <uses-permission android:name="android.permission.ACCESS_NETWORK_STATE" />
12-->[com.google.firebase:firebase-auth:21.0.3] AndroidManifest.xml:24:5-79
12-->[com.google.firebase:firebase-auth:21.0.3] AndroidManifest.xml:24:22-76
13
14    <permission
14-->[androidx.core:core:1.9.0] AndroidManifest.xml:22:5-24:47
15        android:name="com.example.myrlgarage.DYNAMIC_RECEIVER_NOT_EXPORTED_PERMISSION"
15-->[androidx.core:core:1.9.0] AndroidManifest.xml:23:9-81
16        android:protectionLevel="signature" />
16-->[androidx.core:core:1.9.0] AndroidManifest.xml:24:9-44
17
18    <uses-permission android:name="com.example.myrlgarage.DYNAMIC_RECEIVER_NOT_EXPORTED_PERMISSION" />
18-->[androidx.core:core:1.9.0] AndroidManifest.xml:26:5-97
18-->[androidx.core:core:1.9.0] AndroidManifest.xml:26:22-94
19
20    <application
20-->src\main\AndroidManifest.xml:6:5-38:19
21        android:allowBackup="true"
21-->src\main\AndroidManifest.xml:7:9-35
22        android:appComponentFactory="androidx.core.app.CoreComponentFactory"
22-->[androidx.core:core:1.9.0] AndroidManifest.xml:28:18-86
23        android:dataExtractionRules="@xml/data_extraction_rules"
23-->src\main\AndroidManifest.xml:8:9-65
24        android:debuggable="true"
25        android:extractNativeLibs="false"
26        android:fullBackupContent="@xml/backup_rules"
26-->src\main\AndroidManifest.xml:9:9-54
27        android:icon="@mipmap/ic_launcher"
27-->src\main\AndroidManifest.xml:10:9-43
28        android:label="@string/app_name"
28-->src\main\AndroidManifest.xml:11:9-41
29        android:supportsRtl="true"
29-->src\main\AndroidManifest.xml:12:9-35
30        android:theme="@style/Theme.MyRLGarage" >
30-->src\main\AndroidManifest.xml:13:9-48
31        <activity
31-->src\main\AndroidManifest.xml:14:9-16:40
32            android:name="com.example.myrlgarage.activities.ShowColorsActivity"
32-->src\main\AndroidManifest.xml:15:13-58
33            android:exported="false" />
33-->src\main\AndroidManifest.xml:16:13-37
34        <activity
34-->src\main\AndroidManifest.xml:17:9-19:40
35            android:name="com.example.myrlgarage.activities.PresetDetailsActivity"
35-->src\main\AndroidManifest.xml:18:13-61
36            android:exported="false" />
36-->src\main\AndroidManifest.xml:19:13-37
37        <activity
37-->src\main\AndroidManifest.xml:20:9-22:40
38            android:name="com.example.myrlgarage.activities.LoginActivity"
38-->src\main\AndroidManifest.xml:21:13-53
39            android:exported="false" />
39-->src\main\AndroidManifest.xml:22:13-37
40        <activity
40-->src\main\AndroidManifest.xml:23:9-25:40
41            android:name="com.example.myrlgarage.activities.CreateAccountActivity"
41-->src\main\AndroidManifest.xml:24:13-61
42            android:exported="false" />
42-->src\main\AndroidManifest.xml:25:13-37
43        <activity
43-->src\main\AndroidManifest.xml:26:9-28:40
44            android:name="com.example.myrlgarage.activities.MainActivity"
44-->src\main\AndroidManifest.xml:27:13-52
45            android:exported="false" />
45-->src\main\AndroidManifest.xml:28:13-37
46        <activity
46-->src\main\AndroidManifest.xml:29:9-37:20
47            android:name="com.example.myrlgarage.activities.WelcomeActivity"
47-->src\main\AndroidManifest.xml:30:13-55
48            android:exported="true" >
48-->src\main\AndroidManifest.xml:31:13-36
49            <intent-filter>
49-->src\main\AndroidManifest.xml:32:13-36:29
50                <action android:name="android.intent.action.MAIN" />
50-->src\main\AndroidManifest.xml:33:17-69
50-->src\main\AndroidManifest.xml:33:25-66
51
52                <category android:name="android.intent.category.LAUNCHER" />
52-->src\main\AndroidManifest.xml:35:17-77
52-->src\main\AndroidManifest.xml:35:27-74
53            </intent-filter>
54        </activity>
55        <activity
55-->[com.google.firebase:firebase-auth:21.0.3] AndroidManifest.xml:27:9-44:20
56            android:name="com.google.firebase.auth.internal.GenericIdpActivity"
56-->[com.google.firebase:firebase-auth:21.0.3] AndroidManifest.xml:28:13-80
57            android:excludeFromRecents="true"
57-->[com.google.firebase:firebase-auth:21.0.3] AndroidManifest.xml:29:13-46
58            android:exported="true"
58-->[com.google.firebase:firebase-auth:21.0.3] AndroidManifest.xml:30:13-36
59            android:launchMode="singleTask"
59-->[com.google.firebase:firebase-auth:21.0.3] AndroidManifest.xml:31:13-44
60            android:theme="@android:style/Theme.Translucent.NoTitleBar" >
60-->[com.google.firebase:firebase-auth:21.0.3] AndroidManifest.xml:32:13-72
61            <intent-filter>
61-->[com.google.firebase:firebase-auth:21.0.3] AndroidManifest.xml:33:13-43:29
62                <action android:name="android.intent.action.VIEW" />
62-->[com.google.firebase:firebase-auth:21.0.3] AndroidManifest.xml:34:17-69
62-->[com.google.firebase:firebase-auth:21.0.3] AndroidManifest.xml:34:25-66
63
64                <category android:name="android.intent.category.DEFAULT" />
64-->[com.google.firebase:firebase-auth:21.0.3] AndroidManifest.xml:36:17-76
64-->[com.google.firebase:firebase-auth:21.0.3] AndroidManifest.xml:36:27-73
65                <category android:name="android.intent.category.BROWSABLE" />
65-->[com.google.firebase:firebase-auth:21.0.3] AndroidManifest.xml:37:17-78
65-->[com.google.firebase:firebase-auth:21.0.3] AndroidManifest.xml:37:27-75
66
67                <data
67-->[com.google.firebase:firebase-auth:21.0.3] AndroidManifest.xml:39:17-42:51
68                    android:host="firebase.auth"
68-->[com.google.firebase:firebase-auth:21.0.3] AndroidManifest.xml:40:21-49
69                    android:path="/"
69-->[com.google.firebase:firebase-auth:21.0.3] AndroidManifest.xml:41:21-37
70                    android:scheme="genericidp" />
70-->[com.google.firebase:firebase-auth:21.0.3] AndroidManifest.xml:42:21-48
71            </intent-filter>
72        </activity>
73        <activity
73-->[com.google.firebase:firebase-auth:21.0.3] AndroidManifest.xml:45:9-62:20
74            android:name="com.google.firebase.auth.internal.RecaptchaActivity"
74-->[com.google.firebase:firebase-auth:21.0.3] AndroidManifest.xml:46:13-79
75            android:excludeFromRecents="true"
75-->[com.google.firebase:firebase-auth:21.0.3] AndroidManifest.xml:47:13-46
76            android:exported="true"
76-->[com.google.firebase:firebase-auth:21.0.3] AndroidManifest.xml:48:13-36
77            android:launchMode="singleTask"
77-->[com.google.firebase:firebase-auth:21.0.3] AndroidManifest.xml:49:13-44
78            android:theme="@android:style/Theme.Translucent.NoTitleBar" >
78-->[com.google.firebase:firebase-auth:21.0.3] AndroidManifest.xml:50:13-72
79            <intent-filter>
79-->[com.google.firebase:firebase-auth:21.0.3] AndroidManifest.xml:51:13-61:29
80                <action android:name="android.intent.action.VIEW" />
80-->[com.google.firebase:firebase-auth:21.0.3] AndroidManifest.xml:34:17-69
80-->[com.google.firebase:firebase-auth:21.0.3] AndroidManifest.xml:34:25-66
81
82                <category android:name="android.intent.category.DEFAULT" />
82-->[com.google.firebase:firebase-auth:21.0.3] AndroidManifest.xml:36:17-76
82-->[com.google.firebase:firebase-auth:21.0.3] AndroidManifest.xml:36:27-73
83                <category android:name="android.intent.category.BROWSABLE" />
83-->[com.google.firebase:firebase-auth:21.0.3] AndroidManifest.xml:37:17-78
83-->[com.google.firebase:firebase-auth:21.0.3] AndroidManifest.xml:37:27-75
84
85                <data
85-->[com.google.firebase:firebase-auth:21.0.3] AndroidManifest.xml:39:17-42:51
86                    android:host="firebase.auth"
86-->[com.google.firebase:firebase-auth:21.0.3] AndroidManifest.xml:40:21-49
87                    android:path="/"
87-->[com.google.firebase:firebase-auth:21.0.3] AndroidManifest.xml:41:21-37
88                    android:scheme="recaptcha" />
88-->[com.google.firebase:firebase-auth:21.0.3] AndroidManifest.xml:42:21-48
89            </intent-filter>
90        </activity>
91
92        <service
92-->[com.google.firebase:firebase-auth:21.0.3] AndroidManifest.xml:64:9-70:19
93            android:name="com.google.firebase.components.ComponentDiscoveryService"
93-->[com.google.firebase:firebase-auth:21.0.3] AndroidManifest.xml:65:13-84
94            android:directBootAware="true"
94-->[com.google.firebase:firebase-common:20.3.1] AndroidManifest.xml:34:13-43
95            android:exported="false" >
95-->[com.google.firebase:firebase-auth:21.0.3] AndroidManifest.xml:66:13-37
96            <meta-data
96-->[com.google.firebase:firebase-auth:21.0.3] AndroidManifest.xml:67:13-69:85
97                android:name="com.google.firebase.components:com.google.firebase.auth.FirebaseAuthRegistrar"
97-->[com.google.firebase:firebase-auth:21.0.3] AndroidManifest.xml:68:17-109
98                android:value="com.google.firebase.components.ComponentRegistrar" />
98-->[com.google.firebase:firebase-auth:21.0.3] AndroidManifest.xml:69:17-82
99            <meta-data
99-->[com.google.firebase:firebase-firestore:24.6.1] AndroidManifest.xml:19:13-21:85
100                android:name="com.google.firebase.components:com.google.firebase.firestore.FirestoreRegistrar"
100-->[com.google.firebase:firebase-firestore:24.6.1] AndroidManifest.xml:20:17-111
101                android:value="com.google.firebase.components.ComponentRegistrar" />
101-->[com.google.firebase:firebase-firestore:24.6.1] AndroidManifest.xml:21:17-82
102        </service>
103
104        <provider
104-->[com.google.firebase:firebase-common:20.3.1] AndroidManifest.xml:25:9-30:39
105            android:name="com.google.firebase.provider.FirebaseInitProvider"
105-->[com.google.firebase:firebase-common:20.3.1] AndroidManifest.xml:26:13-77
106            android:authorities="com.example.myrlgarage.firebaseinitprovider"
106-->[com.google.firebase:firebase-common:20.3.1] AndroidManifest.xml:27:13-72
107            android:directBootAware="true"
107-->[com.google.firebase:firebase-common:20.3.1] AndroidManifest.xml:28:13-43
108            android:exported="false"
108-->[com.google.firebase:firebase-common:20.3.1] AndroidManifest.xml:29:13-37
109            android:initOrder="100" />
109-->[com.google.firebase:firebase-common:20.3.1] AndroidManifest.xml:30:13-36
110
111        <activity
111-->[com.google.android.gms:play-services-base:18.0.1] AndroidManifest.xml:20:9-22:45
112            android:name="com.google.android.gms.common.api.GoogleApiActivity"
112-->[com.google.android.gms:play-services-base:18.0.1] AndroidManifest.xml:20:19-85
113            android:exported="false"
113-->[com.google.android.gms:play-services-base:18.0.1] AndroidManifest.xml:22:19-43
114            android:theme="@android:style/Theme.Translucent.NoTitleBar" />
114-->[com.google.android.gms:play-services-base:18.0.1] AndroidManifest.xml:21:19-78
115
116        <meta-data
116-->[com.google.android.gms:play-services-basement:18.1.0] AndroidManifest.xml:21:9-23:69
117            android:name="com.google.android.gms.version"
117-->[com.google.android.gms:play-services-basement:18.1.0] AndroidManifest.xml:22:13-58
118            android:value="@integer/google_play_services_version" />
118-->[com.google.android.gms:play-services-basement:18.1.0] AndroidManifest.xml:23:13-66
119
120        <provider
120-->[androidx.emoji2:emoji2:1.2.0] AndroidManifest.xml:24:9-32:20
121            android:name="androidx.startup.InitializationProvider"
121-->[androidx.emoji2:emoji2:1.2.0] AndroidManifest.xml:25:13-67
122            android:authorities="com.example.myrlgarage.androidx-startup"
122-->[androidx.emoji2:emoji2:1.2.0] AndroidManifest.xml:26:13-68
123            android:exported="false" >
123-->[androidx.emoji2:emoji2:1.2.0] AndroidManifest.xml:27:13-37
124            <meta-data
124-->[androidx.emoji2:emoji2:1.2.0] AndroidManifest.xml:29:13-31:52
125                android:name="androidx.emoji2.text.EmojiCompatInitializer"
125-->[androidx.emoji2:emoji2:1.2.0] AndroidManifest.xml:30:17-75
126                android:value="androidx.startup" />
126-->[androidx.emoji2:emoji2:1.2.0] AndroidManifest.xml:31:17-49
127            <meta-data
127-->[androidx.lifecycle:lifecycle-process:2.4.1] AndroidManifest.xml:31:13-33:52
128                android:name="androidx.lifecycle.ProcessLifecycleInitializer"
128-->[androidx.lifecycle:lifecycle-process:2.4.1] AndroidManifest.xml:32:17-78
129                android:value="androidx.startup" />
129-->[androidx.lifecycle:lifecycle-process:2.4.1] AndroidManifest.xml:33:17-49
130        </provider>
131    </application>
132
133</manifest>